{"time":"2014-02-18 18:15:12 +0000","config":{"app_name":"BuildKit","workspace":"/Users/adamwaite/iOS/Lib/BuildKit/iOS-Build-Kit/example/BuildKit.xcworkspace","info_plist":"/Users/adamwaite/iOS/Lib/BuildKit/iOS-Build-Kit/example/BuildKit/BuildKit-Info.plist","build_configuration":"Release","scheme":"BuildKit","sdk":"iphoneos","provisioning_profile":"/Users/adamwaite/iOS/Lib/BuildKit/iOS-Build-Kit/example/Provisioning/BuildKitTest.mobileprovision","code_sign":"iPhone Distribution: Alpaca Labs","icon_dir":"/Users/adamwaite/iOS/Lib/BuildKit/iOS-Build-Kit/example/BuildKit/Icon/","build_dir":"/Users/adamwaite/iOS/Lib/BuildKit/iOS-Build-Kit/example/Builds/"},"preferences":{"reports":"/Users/adamwaite/iOS/Lib/BuildKit/iOS-Build-Kit/example/Reports/"},"runtime_store":{"existing_version_number":{"major":1,"minor":0,"revision":0,"major_minor_revision":"1.0.0","build":244,"full":"1.0.0.244"},"new_version_number":{"major":1,"minor":0,"revision":0,"major_minor_revision":"1.0.0","build":245,"full":"1.0.0.245"},"xcode_build_succeeded":true,"tests_passed":false,"artefact_created":"/Users/adamwaite/iOS/Lib/BuildKit/iOS-Build-Kit/example/Builds/BuildKit-1.0.0.245-1392747311.ipa"},"outputs":{"increment_version":"incremented version number from 1.0.0.244 to 1.0.0.245","decorate_icon":null,"xcode_build":"[Info] Loading settings for scheme 'BuildKit' ... (3551 ms)\n\n=== BUILD ===\n\n  xcodebuild build BuildKit\n    Pods / Pods-ObjectiveSugar (Release)\n      ~ Check dependencies (264 ms)\n\n    Pods / Pods (Release)\n      ~ Check dependencies (91 ms)\n\n    BuildKit / BuildKit (Release)\n      ~ Check dependencies (30 ms)\n      ~ Run custom shell script 'Check Pods Manifest.lock' (91 ms)\n      ~ Process BuildKit-Info.plist (15 ms)\n      ~ Generate BuildKit.app.dSYM (240 ms)\n      ~ Run custom shell script 'Copy Pods Resources' (2647 ms)\n--------------------------------------------------------------------------------\nbuilding file list ... done\n\nsent 29 bytes  received 20 bytes  98.00 bytes/sec\ntotal size is 0  speedup is 0.00\n2014-02-18 18:14:12.954 xcodebuild[13167:d0b] FuzzyAutocomplete: Plugin loaded\n/* com.apple.actool.compilation-results */\n/Users/adamwaite/iOS/Lib/BuildKit/iOS-Build-Kit/example/Builds/BuildKit.app/Assets.car\n--------------------------------------------------------------------------------\n      ~ Touch BuildKit.app (24 ms)\n      ~ ProcessProductPackaging Entitlements.plist BuildKit.xcent (1 ms)\n      ~ CodeSign BuildKit.app (2783 ms)\n--------------------------------------------------------------------------------\n/Users/adamwaite/iOS/Lib/BuildKit/iOS-Build-Kit/example/Builds/BuildKit.app: replacing existing signature\n--------------------------------------------------------------------------------\n      ~ Validate BuildKit.app (202 ms)\n\n\n\n** BUILD SUCCEEDED ** (7519 ms)\n\n","run_tests":"[Info] Loading settings for scheme 'BuildKit' ... (881 ms)\n\n=== TEST ===\n\n  xcodebuild build build\n    Pods / Pods-ObjectiveSugar (Debug)\n      ~ Check dependencies (245 ms)\n      ~ Precompile Pods-ObjectiveSugar-prefix.pch (2552 ms)\n      ~ Precompile Pods-ObjectiveSugar-prefix.pch (2552 ms)\n      ~ Precompile Pods-ObjectiveSugar-prefix.pch (1102 ms)\n      ~ Precompile Pods-ObjectiveSugar-prefix.pch (1072 ms)\n      ~ Compile NSArray+ObjectiveSugar.m (178 ms)\n      ~ Compile NSDictionary+ObjectiveSugar.m (59 ms)\n      ~ Compile NSMutableArray+ObjectiveSugar.m (57 ms)\n      ~ Compile NSNumber+ObjectiveSugar.m (70 ms)\n      ~ Compile NSSet+ObjectiveSugar.m (82 ms)\n      ~ Compile NSString+ObjectiveSugar.m (67 ms)\n      ~ Compile Pods-ObjectiveSugar-dummy.m (62 ms)\n      ~ Compile NSArray+ObjectiveSugar.m (97 ms)\n      ~ Compile NSDictionary+ObjectiveSugar.m (65 ms)\n      ~ Compile NSMutableArray+ObjectiveSugar.m (55 ms)\n      ~ Compile NSNumber+ObjectiveSugar.m (79 ms)\n      ~ Compile NSSet+ObjectiveSugar.m (69 ms)\n      ~ Compile NSString+ObjectiveSugar.m (66 ms)\n      ~ Compile Pods-ObjectiveSugar-dummy.m (48 ms)\n      ~ Libtool libPods-ObjectiveSugar.a normal i386 (12 ms)\n      ~ Libtool libPods-ObjectiveSugar.a normal x86_64 (20 ms)\n      ~ Create universal binary libPods-ObjectiveSugar.a (16 ms)\n\n    Pods / Pods-BuildKitTests-ObjectiveSugar (Debug)\n      ~ Check dependencies (246 ms)\n      ~ Precompile Pods-BuildKitTests-ObjectiveSugar-prefix.pch (4190 ms)\n      ~ Precompile Pods-BuildKitTests-ObjectiveSugar-prefix.pch (4188 ms)\n      ~ Precompile Pods-BuildKitTests-ObjectiveSugar-prefix.pch (1119 ms)\n      ~ Precompile Pods-BuildKitTests-ObjectiveSugar-prefix.pch (1177 ms)\n      ~ Compile NSArray+ObjectiveSugar.m (339 ms)\n      ~ Compile NSDictionary+ObjectiveSugar.m (327 ms)\n      ~ Compile NSMutableArray+ObjectiveSugar.m (183 ms)\n      ~ Compile NSNumber+ObjectiveSugar.m (78 ms)\n      ~ Compile NSSet+ObjectiveSugar.m (117 ms)\n      ~ Compile NSString+ObjectiveSugar.m (70 ms)\n      ~ Compile Pods-BuildKitTests-ObjectiveSugar-dummy.m (51 ms)\n      ~ Compile NSArray+ObjectiveSugar.m (95 ms)\n      ~ Compile NSDictionary+ObjectiveSugar.m (65 ms)\n      ~ Compile NSMutableArray+ObjectiveSugar.m (61 ms)\n      ~ Compile NSNumber+ObjectiveSugar.m (74 ms)\n      ~ Compile NSSet+ObjectiveSugar.m (71 ms)\n      ~ Compile NSString+ObjectiveSugar.m (70 ms)\n      ~ Compile Pods-BuildKitTests-ObjectiveSugar-dummy.m (51 ms)\n      ~ Libtool libPods-BuildKitTests-ObjectiveSugar.a normal i386 (15 ms)\n      ~ Libtool libPods-BuildKitTests-ObjectiveSugar.a normal x86_64 (12 ms)\n      ~ Create universal binary libPods-BuildKitTests-ObjectiveSugar.a (58 ms)\n\n    Pods / Pods-BuildKitTests-Kiwi (Debug)\n      ~ Check dependencies (743 ms)\n      ~ Precompile Pods-BuildKitTests-Kiwi-prefix.pch (131 ms)\n      ~ Precompile Pods-BuildKitTests-Kiwi-prefix.pch (113 ms)\n      ~ Precompile Pods-BuildKitTests-Kiwi-prefix.pch (145 ms)\n      ~ Precompile Pods-BuildKitTests-Kiwi-prefix.pch (126 ms)\n      ~ Precompile Pods-BuildKitTests-Kiwi-prefix.pch (674 ms)\n      ~ Precompile Pods-BuildKitTests-Kiwi-prefix.pch (574 ms)\n      ~ Compile KWAfterAllNode.m (87 ms)\n      ~ Compile KWAfterEachNode.m (56 ms)\n      ~ Compile KWAny.m (68 ms)\n      ~ Compile KWAsyncVerifier.m (147 ms)\n      ~ Compile KWBeBetweenMatcher.m (107 ms)\n      ~ Compile KWBeEmptyMatcher.m (65 ms)\n      ~ Compile KWBeIdenticalToMatcher.m (63 ms)\n      ~ Compile KWBeKindOfClassMatcher.m (89 ms)\n      ~ Compile KWBeMemberOfClassMatcher.m (89 ms)\n      ~ Compile KWBeSubclassOfClassMatcher.m (61 ms)\n      ~ Compile KWBeTrueMatcher.m (68 ms)\n      ~ Compile KWBeWithinMatcher.m (91 ms)\n      ~ Compile KWBeZeroMatcher.m (64 ms)\n      ~ Compile KWBeforeAllNode.m (86 ms)\n      ~ Compile KWBeforeEachNode.m (70 ms)\n      ~ Compile KWBlock.m (80 ms)\n      ~ Compile KWBlockNode.m (105 ms)\n      ~ Compile KWBlockRaiseMatcher.m (113 ms)\n      ~ Compile KWCallSite.m (108 ms)\n      ~ Compile KWCaptureSpy.m (89 ms)\n      ~ Compile KWChangeMatcher.m (91 ms)\n      ~ Compile KWContainMatcher.m (78 ms)\n      ~ Compile KWConformToProtocolMatcher.m (58 ms)\n      ~ Compile KWContainStringMatcher.m (84 ms)\n      ~ Compile KWContextNode.m (154 ms)\n      ~ Compile KWDeviceInfo.m (53 ms)\n      ~ Compile KWEqualMatcher.m (67 ms)\n      ~ Compile KWExample.m (149 ms)\n      ~ Compile KWExampleSuite.m (71 ms)\n      ~ Compile KWExampleSuiteBuilder.m (225 ms)\n      ~ Compile KWExistVerifier.m (182 ms)\n      ~ Compile KWFailure.m (90 ms)\n      ~ Compile KWFormatter.m (63 ms)\n      ~ Compile KWFutureObject.m (66 ms)\n      ~ Compile KWGenericMatchEvaluator.m (64 ms)\n      ~ Compile KWGenericMatcher.m (64 ms)\n      ~ Compile KWGenericMatchingAdditions.m (66 ms)\n      ~ Compile KWHaveMatcher.m (150 ms)\n      ~ Compile KWHaveValueMatcher.m (68 ms)\n      ~ Compile KWInequalityMatcher.m (79 ms)\n      ~ Compile KWIntercept.m (103 ms)\n      ~ Compile KWInvocationCapturer.m (66 ms)\n      ~ Compile KWItNode.m (111 ms)\n      ~ Compile KWLetNode.m (113 ms)\n      ~ Compile KWMatchVerifier.m (93 ms)\n      ~ Compile KWMatcher.m (73 ms)\n      ~ Compile KWMatcherFactory.m (129 ms)\n      ~ Compile KWMatchers.m (116 ms)\n      ~ Compile KWMessageTracker.m (199 ms)\n      ~ Compile KWMessagePattern.m (350 ms)\n      ~ Compile KWNilMatcher.m (88 ms)\n      ~ Compile KWMock.m (152 ms)\n      ~ Compile KWNull.m (95 ms)\n      ~ Compile KWObjCUtilities.m (94 ms)\n      ~ Compile KWPendingNode.m (88 ms)\n      ~ Compile KWProbePoller.m (89 ms)\n      ~ Compile KWRaiseMatcher.m (103 ms)\n      ~ Compile KWReceiveMatcher.m (163 ms)\n      ~ Compile KWRegisterMatchersNode.m (68 ms)\n      ~ Compile KWRegularExpressionPatternMatcher.m (68 ms)\n      ~ Compile KWRespondToSelectorMatcher.m (55 ms)\n      ~ Compile KWSpec.m (97 ms)\n      ~ Compile KWStringContainsMatcher.m (73 ms)\n      ~ Compile KWStringPrefixMatcher.m (62 ms)\n      ~ Compile KWStringUtilities.m (89 ms)\n      ~ Compile KWStub.m (86 ms)\n      ~ Compile KWSuiteConfigurationBase.m (86 ms)\n      ~ Compile KWSymbolicator.m (86 ms)\n      ~ Compile KWUserDefinedMatcher.m (84 ms)\n      ~ Compile KWValue.m (119 ms)\n      ~ Compile KWWorkarounds.m (51 ms)\n      ~ Compile NSInvocation+KiwiAdditions.m (62 ms)\n      ~ Compile NSInvocation+OCMAdditions.m (92 ms)\n      ~ Compile NSMethodSignature+KiwiAdditions.m (171 ms)\n      ~ Compile NSNumber+KiwiAdditions.m (139 ms)\n      ~ Compile NSObject+KiwiMockAdditions.m (60 ms)\n      ~ Compile NSObject+KiwiSpyAdditions.m (54 ms)\n      ~ Compile NSObject+KiwiStubAdditions.m (112 ms)\n      ~ Compile NSObject+KiwiVerifierAdditions.m (50 ms)\n      ~ Compile NSProxy+KiwiVerifierAdditions.m (53 ms)\n      ~ Compile Pods-BuildKitTests-Kiwi-dummy.m (71 ms)\n      ~ Compile NSValue+KiwiAdditions.m (59 ms)\n      ~ Compile TestSuiteConfigurationAdditions.m (65 ms)\n      ~ Compile KWAfterAllNode.m (59 ms)\n      ~ Compile KWAfterEachNode.m (58 ms)\n      ~ Compile KWAny.m (56 ms)\n      ~ Compile KWAsyncVerifier.m (82 ms)\n      ~ Compile KWBeBetweenMatcher.m (61 ms)\n      ~ Compile KWBeEmptyMatcher.m (69 ms)\n      ~ Compile KWBeIdenticalToMatcher.m (65 ms)\n      ~ Compile KWBeKindOfClassMatcher.m (65 ms)\n      ~ Compile KWBeMemberOfClassMatcher.m (82 ms)\n      ~ Compile KWBeSubclassOfClassMatcher.m (95 ms)\n      ~ Compile KWBeTrueMatcher.m (63 ms)\n      ~ Compile KWBeWithinMatcher.m (95 ms)\n      ~ Compile KWBeZeroMatcher.m (90 ms)\n      ~ Compile KWBeforeEachNode.m (58 ms)\n      ~ Compile KWBeforeAllNode.m (59 ms)\n      ~ Compile KWBlockNode.m (78 ms)\n      ~ Compile KWBlock.m (78 ms)\n      ~ Compile KWCallSite.m (59 ms)\n      ~ Compile KWBlockRaiseMatcher.m (76 ms)\n      ~ Compile KWCaptureSpy.m (67 ms)\n      ~ Compile KWChangeMatcher.m (66 ms)\n      ~ Compile KWConformToProtocolMatcher.m (62 ms)\n      ~ Compile KWContainMatcher.m (72 ms)\n      ~ Compile KWContainStringMatcher.m (67 ms)\n      ~ Compile KWContextNode.m (99 ms)\n      ~ Compile KWDeviceInfo.m (52 ms)\n      ~ Compile KWEqualMatcher.m (64 ms)\n      ~ Compile KWExample.m (160 ms)\n      ~ Compile KWExampleSuite.m (74 ms)\n      ~ Compile KWExampleSuiteBuilder.m (104 ms)\n      ~ Compile KWExistVerifier.m (66 ms)\n      ~ Compile KWFailure.m (82 ms)\n      ~ Compile KWFormatter.m (62 ms)\n      ~ Compile KWFutureObject.m (61 ms)\n      ~ Compile KWGenericMatchEvaluator.m (63 ms)\n      ~ Compile KWGenericMatcher.m (69 ms)\n      ~ Compile KWGenericMatchingAdditions.m (67 ms)\n      ~ Compile KWHaveMatcher.m (137 ms)\n      ~ Compile KWHaveValueMatcher.m (82 ms)\n      ~ Compile KWInequalityMatcher.m (77 ms)\n      ~ Compile KWIntercept.m (87 ms)\n      ~ Compile KWInvocationCapturer.m (78 ms)\n      ~ Compile KWLetNode.m (115 ms)\n      ~ Compile KWItNode.m (76 ms)\n      ~ Compile KWMatchVerifier.m (134 ms)\n      ~ Compile KWMatcher.m (63 ms)\n      ~ Compile KWMatcherFactory.m (121 ms)\n      ~ Compile KWMatchers.m (95 ms)\n      ~ Compile KWMessagePattern.m (239 ms)\n      ~ Compile KWMessageTracker.m (94 ms)\n      ~ Compile KWMock.m (278 ms)\n      ~ Compile KWNilMatcher.m (90 ms)\n      ~ Compile KWNull.m (67 ms)\n      ~ Compile KWObjCUtilities.m (66 ms)\n      ~ Compile KWPendingNode.m (78 ms)\n      ~ Compile KWProbePoller.m (85 ms)\n      ~ Compile KWRaiseMatcher.m (87 ms)\n      ~ Compile KWReceiveMatcher.m (192 ms)\n      ~ Compile KWRegisterMatchersNode.m (119 ms)\n      ~ Compile KWRegularExpressionPatternMatcher.m (108 ms)\n      ~ Compile KWSpec.m (107 ms)\n      ~ Compile KWRespondToSelectorMatcher.m (74 ms)\n      ~ Compile KWStringContainsMatcher.m (68 ms)\n      ~ Compile KWStringPrefixMatcher.m (86 ms)\n      ~ Compile KWStringUtilities.m (80 ms)\n      ~ Compile KWStub.m (87 ms)\n      ~ Compile KWSuiteConfigurationBase.m (64 ms)\n      ~ Compile KWSymbolicator.m (62 ms)\n      ~ Compile KWUserDefinedMatcher.m (82 ms)\n      ~ Compile KWWorkarounds.m (55 ms)\n      ~ Compile KWValue.m (150 ms)\n      ~ Compile NSInvocation+OCMAdditions.m (101 ms)\n      ~ Compile NSInvocation+KiwiAdditions.m (70 ms)\n      ~ Compile NSMethodSignature+KiwiAdditions.m (56 ms)\n      ~ Compile NSNumber+KiwiAdditions.m (67 ms)\n      ~ Compile NSObject+KiwiMockAdditions.m (62 ms)\n      ~ Compile NSObject+KiwiSpyAdditions.m (60 ms)\n      ~ Compile NSObject+KiwiStubAdditions.m (107 ms)\n      ~ Compile NSObject+KiwiVerifierAdditions.m (53 ms)\n      ~ Compile NSProxy+KiwiVerifierAdditions.m (57 ms)\n      ~ Compile NSValue+KiwiAdditions.m (55 ms)\n      ~ Compile Pods-BuildKitTests-Kiwi-dummy.m (52 ms)\n      ~ Compile TestSuiteConfigurationAdditions.m (64 ms)\n      ~ Libtool libPods-BuildKitTests-Kiwi.a normal i386 (144 ms)\n      ~ Libtool libPods-BuildKitTests-Kiwi.a normal x86_64 (202 ms)\n      ~ Create universal binary libPods-BuildKitTests-Kiwi.a (362 ms)\n\n    Pods / Pods (Debug)\n\n    ~ Check dependencies (17 ms)\n    ~ Compile Pods-dummy.m (1050 ms)\n    ~ Compile Pods-dummy.m (1050 ms)\n    ~ Libtool libPods.a normal i386 (71 ms)\n    ~ Libtool libPods.a normal x86_64 (31 ms)\n    ~ Create universal binary libPods.a (166 ms)\n    BuildKit / BuildKit (Debug)\n\n    ~ Check dependencies (30 ms)\n    ~ Run custom shell script 'Check Pods Manifest.lock' (24 ms)\n    ~ Precompile BuildKit-Prefix.pch (1696 ms)\n    ~ Precompile BuildKit-Prefix.pch (1794 ms)\n    ~ Compile main.m (74 ms)\n    ~ Compile BKEAppDelegate.m (125 ms)\n    ~ Compile BKEViewController.m (98 ms)\n    ~ Compile main.m (51 ms)\n    ~ Compile BKEAppDelegate.m (129 ms)\n    ~ Compile BKEViewController.m (99 ms)\n    ~ Link BuildKit (192 ms)\n    ~ Link BuildKit (128 ms)\n    ~ Create universal binary BuildKit (17 ms)\n    ~ Process BuildKit-Info.plist (21 ms)\n    ~ Generate BuildKit.app.dSYM (147 ms)\n    ~ Run custom shell script 'Copy Pods Resources' (1066 ms)\n--------------------------------------------------------------------------------\nbuilding file list ... done\n\nsent 29 bytes  received 20 bytes  98.00 bytes/sec\ntotal size is 0  speedup is 0.00\n/* com.apple.actool.compilation-results */\n/Users/adamwaite/Library/Developer/Xcode/DerivedData/BuildKit-evtpmwuekupwzteakltfmrdwtpaw/Build/Products/Debug-iphonesimulator/BuildKit.app/Assets.car\n--------------------------------------------------------------------------------\n    ~ Touch BuildKit.app (6 ms)\n    Pods / Pods-BuildKitTests (Debug)\n      ~ Check dependencies (24 ms)\n      ~ Compile Pods-BuildKitTests-dummy.m (116 ms)\n      ~ Compile Pods-BuildKitTests-dummy.m (116 ms)\n      ~ Libtool libPods-BuildKitTests.a normal i386 (339 ms)\n      ~ Libtool libPods-BuildKitTests.a normal x86_64 (345 ms)\n      ~ Create universal binary libPods-BuildKitTests.a (419 ms)\n\n    BuildKit / BuildKitTests (Debug)\n      ~ Check dependencies (58 ms)\n      ~ Run custom shell script 'Check Pods Manifest.lock' (16 ms)\n      ~ Precompile BuildKit-Prefix.pch (1476 ms)\n      ~ Precompile BuildKit-Prefix.pch (1439 ms)\n      ~ Compile SanitySpec.m (184 ms)\n      ~ Compile SanityTest.m (289 ms)\n      ~ Compile SanitySpec.m (182 ms)\n      ~ Compile SanityTest.m (287 ms)\n      ~ Link BuildKitTests (256 ms)\n      ~ Link BuildKitTests (272 ms)\n      ~ Create universal binary BuildKitTests (225 ms)\n      ~ Generate BuildKitTests.xctest.dSYM (340 ms)\n      ~ Run custom shell script 'Copy Pods Resources' (528 ms)\n--------------------------------------------------------------------------------\nbuilding file list ... done\n\nsent 29 bytes  received 20 bytes  98.00 bytes/sec\ntotal size is 0  speedup is 0.00\n/* com.apple.actool.compilation-results */\n/Users/adamwaite/Library/Developer/Xcode/DerivedData/BuildKit-evtpmwuekupwzteakltfmrdwtpaw/Build/Products/Debug-iphonesimulator/BuildKitTests.xctest/Assets.car\n--------------------------------------------------------------------------------\n\n\n  [Info] Collecting info for testables... (3339 ms)\n  [Info] Starting BuildKitTests.xctest (bucket #1, 2 tests) (0 ms)\n  run-test BuildKitTests.xctest (iphonesimulator7.0, application-test, GC OFF)\n    [Info] Stopped any existing iOS simulator jobs to get a fresh simulator. (20 ms)\n    [Info] Installed 'com.AlpacaLabs.BuildKitTest'. (18970 ms)\n    [Info] Launching test host and running tests ... (0 ms)\n      -[TEST_BUNDLE FAILED_TO_START]\n--------------------------------------------------------------------------------\nThere was a problem starting the test bundle: The simulator failed to start, or the TEST_HOST application failed to run.\n----|---------------------------------------------------------------------------\n    X -[TEST_BUNDLE FAILED_TO_START] (0 ms) (0)\n      -[SanitySpec Sanity_]\n--------------------------------------------------------------------------------\nTest did not run: The simulator failed to start, or the TEST_HOST application failed to run.\n----|---------------------------------------------------------------------------\n    X -[SanitySpec Sanity_] (0 ms) (1)\n      -[SanityTest testSanity]\n--------------------------------------------------------------------------------\nTest did not run: The simulator failed to start, or the TEST_HOST application failed to run.\n----|---------------------------------------------------------------------------\n    X -[SanityTest testSanity] (0 ms) (2)\n    0 passed, 0 failed, 3 errored, 3 total (0 ms)\n\n\nFailures:\n\n  0) -[TEST_BUNDLE FAILED_TO_START] (BuildKitTests.xctest)\n--------------------------------------------------------------------------------\nThere was a problem starting the test bundle: The simulator failed to start, or the TEST_HOST application failed to run.\n--------------------------------------------------------------------------------\n\n  1) -[SanitySpec Sanity_] (BuildKitTests.xctest)\n--------------------------------------------------------------------------------\nTest did not run: The simulator failed to start, or the TEST_HOST application failed to run.\n--------------------------------------------------------------------------------\n\n  2) -[SanityTest testSanity] (BuildKitTests.xctest)\n--------------------------------------------------------------------------------\nTest did not run: The simulator failed to start, or the TEST_HOST application failed to run.\n--------------------------------------------------------------------------------\n\n** TEST FAILED: 0 passed, 0 failed, 3 errored, 3 total ** (51918 ms)\n\n","create_ipa":"Packaging application: '/Users/adamwaite/iOS/Lib/BuildKit/iOS-Build-Kit/example/Builds/BuildKit.app'\nArguments: embed=/Users/adamwaite/iOS/Lib/BuildKit/iOS-Build-Kit/example/Provisioning/BuildKitTest.mobileprovision  verbose=1  output=/Users/adamwaite/iOS/Lib/BuildKit/iOS-Build-Kit/example/Builds/BuildKit-1.0.0.245-1392747311.ipa  \nEnvironment variables:\n_system_version = 10.9\nGEM_HOME = /Users/adamwaite/.rvm/gems/ruby-2.0.0-head\nSDKROOT = /Applications/Xcode.app/Contents/Developer/Platforms/iPhoneOS.platform/Developer/SDKs/iPhoneOS7.0.sdk\nLESS = -R\nrvm_docs_type = \nVERSIONER_PERL_PREFER_32_BIT = no\nGEM_PATH = /Users/adamwaite/.rvm/gems/ruby-2.0.0-head:/Users/adamwaite/.rvm/gems/ruby-2.0.0-head@global\nRUBY_VERSION = ruby-2.0.0-head\n__CHECKFIX1436934 = 1\nSSH_AUTH_SOCK = /tmp/launch-aQwoWr/Listeners\nApple_PubSub_Socket_Render = /tmp/launch-eFKKA7/Render\nPWD = /Users/adamwaite/iOS/Lib/BuildKit/iOS-Build-Kit/bin\nrvm_proxy = \nrvm_prefix = /Users/adamwaite\nLANG = en_GB.UTF-8\nrvm_sdk = \nrvm_ruby_file = \nUSER = adamwaite\nrvm_bin_path = /Users/adamwaite/.rvm/bin\nLOGNAME = adamwaite\nGREP_COLOR = 1;32\nrvm_ruby_make_install = \nrvm_path = /Users/adamwaite/.rvm\nSHLVL = 2\nTERM_PROGRAM = Apple_Terminal\nTERM_PROGRAM_VERSION = 326\nPATH = /usr/local/heroku/bin:/Users/adamwaite/.rvm/gems/ruby-2.0.0-head/bin:/Users/adamwaite/.rvm/gems/ruby-2.0.0-head@global/bin:/Users/adamwaite/.rvm/rubies/ruby-2.0.0-head/bin:/Users/adamwaite/.rvm/bin:/usr/bin:/bin:/usr/sbin:/sbin:/usr/local/bin:/opt/X11/bin:/usr/bin:/bin:/usr/sbin:/sbin:/usr/local/bin:/opt/X11/bin:/Users/adamwaite/.rvm/bin\nMY_RUBY_HOME = /Users/adamwaite/.rvm/rubies/ruby-2.0.0-head\n_system_name = OSX\nrvm_gemstone_package_file = \nTERM = xterm-256color\nrvm_silent_flag = \nPAGER = less\nVERSIONER_PERL_VERSION = 5.16\nrvm_alias_expanded = \nHOME = /Users/adamwaite\nrvm_niceness = \n_system_type = Darwin\nrvm_ruby_make = \nDISPLAY = /tmp/launch-IBVeGI/org.macosforge.xquartz:0\nrvm_nightly_flag = \nrvm_quiet_flag = \nIRBRC = /Users/adamwaite/.rvm/rubies/ruby-2.0.0-head/.irbrc\nrvm_wrapper_name = \nLC_CTYPE = en_GB.UTF-8\nGREP_OPTIONS = --color=auto\nrvm_ruby_mode = \n__CF_USER_TEXT_ENCODING = 0x1F7:0:0\nTERM_SESSION_ID = 368215B5-EA60-423F-B8B0-1F60EEC122B0\n_ = /usr/bin/xcrun\nrvm_version = 1.22.7 (stable)\nLSCOLORS = Gxfxcxdxbxegedabagacad\nSHELL = /bin/zsh\nrvm_script_name = \nTMPDIR = /var/folders/5r/ypxp8_qd45ngxd9856pc_4t40000gq/T/\nrvm_gemstone_url = \n_system_arch = x86_64\n\nOutput directory: '/Users/adamwaite/iOS/Lib/BuildKit/iOS-Build-Kit/example/Builds/BuildKit-1.0.0.245-1392747311.ipa'\nTemporary Directory: '/var/folders/5r/ypxp8_qd45ngxd9856pc_4t40000gq/T/tWoB2TzAPB'  (will NOT be deleted on exit when verbose set)\n+ /bin/cp -Rp /Users/adamwaite/iOS/Lib/BuildKit/iOS-Build-Kit/example/Builds/BuildKit.app /var/folders/5r/ypxp8_qd45ngxd9856pc_4t40000gq/T/tWoB2TzAPB/Payload\nProgram /bin/cp returned 0 : []\n### Checking original app\n+ /usr/bin/codesign --verify -vvvv /Users/adamwaite/iOS/Lib/BuildKit/iOS-Build-Kit/example/Builds/BuildKit.app\nProgram /usr/bin/codesign returned 0 : [/Users/adamwaite/iOS/Lib/BuildKit/iOS-Build-Kit/example/Builds/BuildKit.app: valid on disk\n/Users/adamwaite/iOS/Lib/BuildKit/iOS-Build-Kit/example/Builds/BuildKit.app: satisfies its Designated Requirement\n]\nDone checking the original app\n+ /usr/bin/zip --symlinks --verbose --recurse-paths /Users/adamwaite/iOS/Lib/BuildKit/iOS-Build-Kit/example/Builds/BuildKit-1.0.0.245-1392747311.ipa .\nProgram /usr/bin/zip returned 0 : [  adding: Payload/\t(in=0) (out=0) (stored 0%)\n  adding: Payload/BuildKit.app/\t(in=0) (out=0) (stored 0%)\n  adding: Payload/BuildKit.app/_CodeSignature/\t(in=0) (out=0) (stored 0%)\n  adding: Payload/BuildKit.app/_CodeSignature/CodeResources\t(in=7252) (out=1440) (deflated 80%)\n  adding: Payload/BuildKit.app/Assets.car \t(in=75320) (out=7980) (deflated 89%)\n  adding: Payload/BuildKit.app/Base.lproj/\t(in=0) (out=0) (stored 0%)\n  adding: Payload/BuildKit.app/Base.lproj/Main.storyboardc/\t(in=0) (out=0) (stored 0%)\n  adding: Payload/BuildKit.app/Base.lproj/Main.storyboardc/Info.plist\t(in=258) (out=149) (deflated 42%)\n  adding: Payload/BuildKit.app/Base.lproj/Main.storyboardc/UIViewController-vXZ-lx-hvc.nib\t(in=908) (out=594) (deflated 35%)\n  adding: Payload/BuildKit.app/Base.lproj/Main.storyboardc/vXZ-lx-hvc-view-kh9-bI-dsS.nib\t(in=1610) (out=983) (deflated 39%)\n  adding: Payload/BuildKit.app/BuildKit \t(in=314912) (out=54451) (deflated 83%)\n  adding: Payload/BuildKit.app/embedded.mobileprovision\t(in=7516) (out=5095) (deflated 32%)\n  adding: Payload/BuildKit.app/en.lproj/\t(in=0) (out=0) (stored 0%)\n  adding: Payload/BuildKit.app/en.lproj/InfoPlist.strings\t(in=42) (out=23) (deflated 45%)\n  adding: Payload/BuildKit.app/Icon/\t(in=0) (out=0) (stored 0%)\n  adding: Payload/BuildKit.app/Icon/Decorated-Icon-60.png\t(in=1918) (out=1918) (stored 0%)\n  adding: Payload/BuildKit.app/Icon/Decorated-Icon-60@2x.png\t(in=3016) (out=3016) (stored 0%)\n  adding: Payload/BuildKit.app/Icon/Decorated-Icon-72.png\t(in=2154) (out=2154) (stored 0%)\n  adding: Payload/BuildKit.app/Icon/Decorated-Icon-72@2x.png\t(in=3503) (out=3503) (stored 0%)\n  adding: Payload/BuildKit.app/Icon/Decorated-Icon-76.png\t(in=2292) (out=2292) (stored 0%)\n  adding: Payload/BuildKit.app/Icon/Decorated-Icon-76@2x.png\t(in=3635) (out=3635) (stored 0%)\n  adding: Payload/BuildKit.app/Icon/Decorated-Icon-Small-50.png\t(in=1690) (out=1690) (stored 0%)\n  adding: Payload/BuildKit.app/Icon/Decorated-Icon-Small-50@2x.png\t(in=2677) (out=2677) (stored 0%)\n  adding: Payload/BuildKit.app/Icon/Decorated-Icon-Small.png\t(in=1063) (out=1063) (stored 0%)\n  adding: Payload/BuildKit.app/Icon/Decorated-Icon-Small@2x.png\t(in=1820) (out=1820) (stored 0%)\n  adding: Payload/BuildKit.app/Icon/Decorated-Icon-Spotlight-40.png\t(in=1438) (out=1438) (stored 0%)\n  adding: Payload/BuildKit.app/Icon/Decorated-Icon-Spotlight-40@2x.png\t(in=2306) (out=2306) (stored 0%)\n  adding: Payload/BuildKit.app/Icon/Decorated-Icon.png\t(in=1848) (out=1848) (stored 0%)\n  adding: Payload/BuildKit.app/Icon/Decorated-Icon@2x.png\t(in=2963) (out=2963) (stored 0%)\n  adding: Payload/BuildKit.app/Icon/Icon-60.png\t(in=4680) (out=4680) (stored 0%)\n  adding: Payload/BuildKit.app/Icon/Icon-60@2x.png\t(in=6624) (out=6624) (stored 0%)\n  adding: Payload/BuildKit.app/Icon/Icon-72.png\t(in=5107) (out=5107) (stored 0%)\n  adding: Payload/BuildKit.app/Icon/Icon-72@2x.png\t(in=7482) (out=7466) (deflated 0%)\n  adding: Payload/BuildKit.app/Icon/Icon-76.png\t(in=5190) (out=5190) (stored 0%)\n  adding: Payload/BuildKit.app/Icon/Icon-76@2x.png\t(in=7667) (out=7588) (deflated 1%)\n  adding: Payload/BuildKit.app/Icon/Icon-Small-50.png\t(in=4360) (out=4360) (stored 0%)\n  adding: Payload/BuildKit.app/Icon/Icon-Small-50@2x.png\t(in=6003) (out=6003) (stored 0%)\n  adding: Payload/BuildKit.app/Icon/Icon-Small.png\t(in=3590) (out=3590) (stored 0%)\n  adding: Payload/BuildKit.app/Icon/Icon-Small@2x.png\t(in=4513) (out=4513) (stored 0%)\n  adding: Payload/BuildKit.app/Icon/Icon-Spotlight-40.png\t(in=4023) (out=4023) (stored 0%)\n  adding: Payload/BuildKit.app/Icon/Icon-Spotlight-40@2x.png\t(in=5308) (out=5308) (stored 0%)\n  adding: Payload/BuildKit.app/Icon/Icon.png\t(in=4573) (out=4573) (stored 0%)\n  adding: Payload/BuildKit.app/Icon/Icon@2x.png\t(in=6475) (out=6475) (stored 0%)\n  adding: Payload/BuildKit.app/Info.plist\t(in=1484) (out=947) (deflated 36%)\n  adding: Payload/BuildKit.app/PkgInfo\t(in=8) (out=8) (stored 0%)\n  adding: Payload/BuildKit.app/ResourceRules.plist\t(in=150) (out=111) (deflated 26%)\ntotal bytes=517378, compressed=179604 -> 65% savings\n]\nResults at '/Users/adamwaite/iOS/Lib/BuildKit/iOS-Build-Kit/example/Builds/BuildKit-1.0.0.245-1392747311.ipa' \n"}}